\BOOKMARK [0][-]{section*.5}{\376\377\004\022\004\022\004\025\004\024\004\025\004\035\004\030\004\025}{}% 1
\BOOKMARK [0][-]{chapter.1}{\376\377\004\020\004\075\004\060\004\073\004\070\004\102\004\070\004\107\004\065\004\101\004\072\004\070\004\071\000\040\004\100\004\060\004\067\004\064\004\065\004\073}{}% 2
\BOOKMARK [1][-]{section.1.1}{\376\377\004\020\004\073\004\063\004\076\004\100\004\070\004\102\004\074\004\113\000\040\004\077\004\100\004\065\004\064\004\076\004\061\004\100\004\060\004\061\004\076\004\102\004\072\004\070\000\040\004\070\004\067\004\076\004\061\004\100\004\060\004\066\004\065\004\075\004\070\004\117\000\040\004\072\004\070\004\101\004\102\004\070\000\040\004\100\004\103\004\072\004\070\000,\000\040\004\077\004\100\004\070\004\074\004\065\004\075\004\070\004\074\004\113\004\105\000\040\004\072\000\040\004\100\004\060\004\101\004\077\004\076\004\067\004\075\004\060\004\062\004\060\004\075\004\070\004\116\000\040\004\066\004\065\004\101\004\102\004\076\004\062\004\113\004\105\000\040\004\101\004\070\004\074\004\062\004\076\004\073\004\076\004\062}{chapter.1}% 3
\BOOKMARK [2][-]{subsection.1.1.1}{\376\377\004\022\004\113\004\064\004\065\004\073\004\065\004\075\004\070\004\065\000\040\004\072\004\076\004\075\004\102\004\103\004\100\004\060\000\040\004\104\004\070\004\063\004\103\004\100\004\113}{section.1.1}% 4
\BOOKMARK [2][-]{subsection.1.1.2}{\376\377\004\022\004\113\004\064\004\065\004\073\004\065\004\075\004\070\004\065\000\040\004\101\004\070\004\073\004\103\004\115\004\102\004\060\000\040\004\072\004\070\004\101\004\102\004\070\000\040\004\100\004\103\004\072\004\070}{section.1.1}% 5
\BOOKMARK [2][-]{subsection.1.1.3}{\376\377\004\037\004\076\004\101\004\102\004\100\004\076\004\065\004\075\004\070\004\065\000\040\004\101\004\072\004\065\004\073\004\065\004\102\004\060\000\040\004\072\004\070\004\101\004\102\004\070\000\040\004\100\004\103\004\072\004\070}{section.1.1}% 6
\BOOKMARK [2][-]{subsection.1.1.4}{\376\377\004\041\004\100\004\060\004\062\004\075\004\065\004\075\004\070\004\065\000\040\004\060\004\073\004\063\004\076\004\100\004\070\004\102\004\074\004\076\004\062\000\040\004\077\004\100\004\065\004\064\004\076\004\061\004\100\004\060\004\061\004\076\004\102\004\072\004\070\000\040\004\070\004\067\004\076\004\061\004\100\004\060\004\066\004\065\004\075\004\070\004\071}{section.1.1}% 7
\BOOKMARK [2][-]{subsection.1.1.5}{\376\377\004\022\004\113\004\062\004\076\004\064}{section.1.1}% 8
\BOOKMARK [1][-]{section.1.2}{\376\377\004\034\004\065\004\102\004\076\004\064\004\113\000\040\004\072\004\073\004\060\004\101\004\101\004\070\004\104\004\070\004\072\004\060\004\106\004\070\004\070}{chapter.1}% 9
\BOOKMARK [2][-]{subsection.1.2.1}{\376\377\004\041\004\072\004\100\004\113\004\102\004\060\004\117\000\040\004\074\004\060\004\100\004\072\004\076\004\062\004\101\004\072\004\060\004\117\000\040\004\074\004\076\004\064\004\065\004\073\004\114}{section.1.2}% 10
\BOOKMARK [2][-]{subsection.1.2.2}{\376\377\004\041\004\060\004\074\004\076\004\076\004\100\004\063\004\060\004\075\004\070\004\067\004\103\004\116\004\111\004\060\004\117\004\101\004\117\000\040\004\072\004\060\004\100\004\102\004\060\000\040\004\032\004\076\004\105\004\076\004\075\004\065\004\075\004\060}{section.1.2}% 11
\BOOKMARK [2][-]{subsection.1.2.3}{\376\377\004\041\004\062\004\065\004\100\004\102\004\076\004\107\004\075\004\113\004\065\000\040\004\075\004\065\004\071\004\100\004\076\004\075\004\075\004\113\004\065\000\040\004\101\004\065\004\102\004\070}{section.1.2}% 12
\BOOKMARK [2][-]{subsection.1.2.4}{\376\377\004\041\004\100\004\060\004\062\004\075\004\070\004\102\004\065\004\073\004\114\004\075\004\113\004\071\000\040\004\060\004\075\004\060\004\073\004\070\004\067\000\040\004\062\004\113\004\064\004\065\004\073\004\065\004\075\004\075\004\113\004\105\000\040\004\074\004\065\004\102\004\076\004\064\004\076\004\062\000\040\004\072\004\073\004\060\004\101\004\101\004\070\004\104\004\070\004\072\004\060\004\106\004\070\004\070}{section.1.2}% 13
\BOOKMARK [2][-]{subsection.1.2.5}{\376\377\004\032\004\060\004\077\004\101\004\103\004\073\004\114\004\075\004\113\004\065\000\040\004\075\004\065\004\071\004\100\004\076\004\075\004\075\004\113\004\065\000\040\004\101\004\065\004\102\004\070}{section.1.2}% 14
\BOOKMARK [1][-]{section.1.3}{\376\377\004\022\004\113\004\062\004\076\004\064}{chapter.1}% 15
\BOOKMARK [0][-]{chapter.2}{\376\377\004\032\004\076\004\075\004\101\004\102\004\100\004\103\004\072\004\102\004\076\004\100\004\101\004\072\004\070\004\071\000\040\004\100\004\060\004\067\004\064\004\065\004\073}{}% 16
\BOOKMARK [1][-]{section.2.1}{\376\377\004\020\004\100\004\105\004\070\004\102\004\065\004\072\004\102\004\103\004\100\004\060\000\040\004\077\004\100\004\076\004\063\004\100\004\060\004\074\004\074\004\075\004\076\004\063\004\076\000\040\004\077\004\100\004\076\004\064\004\103\004\072\004\102\004\060}{chapter.2}% 17
\BOOKMARK [1][-]{section.2.2}{\376\377\004\037\004\100\004\065\004\064\004\076\004\061\004\100\004\060\004\061\004\076\004\102\004\072\004\060\000\040\004\070\004\067\004\076\004\061\004\100\004\060\004\066\004\065\004\075\004\070\004\071}{chapter.2}% 18
\BOOKMARK [1][-]{section.2.3}{\376\377\004\032\004\073\004\060\004\101\004\101\004\070\004\104\004\070\004\072\004\060\004\106\004\070\004\117\000\040\004\066\004\065\004\101\004\102\004\076\004\062\004\113\004\105\000\040\004\101\004\070\004\074\004\062\004\076\004\073\004\076\004\062}{chapter.2}% 19
\BOOKMARK [2][-]{subsection.2.3.1}{\376\377\004\020\004\073\004\063\004\076\004\100\004\070\004\102\004\074\000\040\004\077\004\065\004\100\004\065\004\064\004\060\004\107\004\070\000\040\004\064\004\060\004\075\004\075\004\113\004\105\000\040\004\074\004\065\004\066\004\064\004\103\000\040\004\072\004\060\004\077\004\101\004\103\004\073\004\114\004\075\004\113\004\074\004\070\000\040\004\101\004\073\004\076\004\117\004\074\004\070}{section.2.3}% 20
\BOOKMARK [2][-]{subsection.2.3.2}{\376\377\004\020\004\100\004\105\004\070\004\102\004\065\004\072\004\102\004\103\004\100\004\060\000\040\004\101\004\065\004\102\004\070}{section.2.3}% 21
\BOOKMARK [1][-]{section.2.4}{\376\377\004\022\004\113\004\062\004\076\004\064}{chapter.2}% 22
\BOOKMARK [0][-]{chapter.3}{\376\377\004\042\004\065\004\105\004\075\004\076\004\073\004\076\004\063\004\070\004\107\004\065\004\101\004\072\004\070\004\071\000\040\004\100\004\060\004\067\004\064\004\065\004\073}{}% 23
\BOOKMARK [1][-]{section.3.1}{\376\377\004\022\004\113\004\061\004\076\004\100\000\040\004\101\004\100\004\065\004\064\004\101\004\102\004\062\000\040\004\100\004\060\004\067\004\100\004\060\004\061\004\076\004\102\004\072\004\070}{chapter.3}% 24
\BOOKMARK [2][-]{subsection.3.1.1}{\376\377\004\022\004\113\004\061\004\076\004\100\000\040\004\117\004\067\004\113\004\072\004\060\000\040\004\077\004\100\004\076\004\063\004\100\004\060\004\074\004\074\004\070\004\100\004\076\004\062\004\060\004\075\004\070\004\117}{section.3.1}% 25
\BOOKMARK [2][-]{subsection.3.1.2}{\376\377\004\022\004\113\004\061\004\076\004\100\000\040\004\101\004\100\004\065\004\064\004\113\000\040\004\077\004\100\004\076\004\063\004\100\004\060\004\074\004\074\004\070\004\100\004\076\004\062\004\060\004\075\004\070\004\117\000\040\004\070\000\040\004\076\004\102\004\073\004\060\004\064\004\072\004\070}{section.3.1}% 26
\BOOKMARK [2][-]{subsection.3.1.3}{\376\377\004\030\004\101\004\077\004\076\004\073\004\114\004\067\004\103\004\065\004\074\004\113\004\065\000\040\004\061\004\070\004\061\004\073\004\070\004\076\004\102\004\065\004\072\004\070}{section.3.1}% 27
\BOOKMARK [1][-]{section.3.2}{\376\377\004\041\004\070\004\101\004\102\004\065\004\074\004\060\000\040\004\072\004\076\004\075\004\102\004\100\004\076\004\073\004\117\000\040\004\062\004\065\004\100\004\101\004\070\004\071}{chapter.3}% 28
\BOOKMARK [1][-]{section.3.3}{\376\377\004\042\004\100\004\065\004\061\004\076\004\062\004\060\004\075\004\070\004\117\000\040\004\072\000\040\004\062\004\113\004\107\004\070\004\101\004\073\004\070\004\102\004\065\004\073\004\114\004\075\004\076\004\071\000\040\004\101\004\070\004\101\004\102\004\065\004\074\004\065}{chapter.3}% 29
\BOOKMARK [1][-]{section.3.4}{\376\377\004\044\004\076\004\100\004\074\004\060\004\102\000\040\004\064\004\060\004\075\004\075\004\113\004\105}{chapter.3}% 30
\BOOKMARK [1][-]{section.3.5}{\376\377\004\037\004\100\004\076\004\065\004\072\004\102\004\070\004\100\004\076\004\062\004\060\004\075\004\070\004\065\000\040\004\060\004\100\004\105\004\070\004\102\004\065\004\072\004\102\004\103\004\100\004\113\000\040\004\077\004\100\004\076\004\063\004\100\004\060\004\074\004\074\004\075\004\076\004\063\004\076\000\040\004\072\004\076\004\074\004\077\004\073\004\065\004\072\004\101\004\060}{chapter.3}% 31
\BOOKMARK [1][-]{section.3.6}{\376\377\004\037\004\076\004\101\004\102\004\100\004\076\004\065\004\075\004\070\004\065\000\040\004\075\004\065\004\071\004\100\004\076\004\075\004\075\004\076\004\071\000\040\004\101\004\065\004\102\004\070}{chapter.3}% 32
\BOOKMARK [1][-]{section.3.7}{\376\377\004\040\004\103\004\072\004\076\004\062\004\076\004\064\004\101\004\102\004\062\004\076\000\040\004\077\004\076\004\073\004\114\004\067\004\076\004\062\004\060\004\102\004\065\004\073\004\117}{chapter.3}% 33
\BOOKMARK [1][-]{section.3.8}{\376\377\004\022\004\113\004\062\004\076\004\064}{chapter.3}% 34
\BOOKMARK [0][-]{chapter.4}{\376\377\004\055\004\072\004\101\004\077\004\065\004\100\004\070\004\074\004\065\004\075\004\102\004\060\004\073\004\114\004\075\004\113\004\071\000\040\004\100\004\060\004\067\004\064\004\065\004\073}{}% 35
\BOOKMARK [1][-]{section.4.1}{\376\377\004\036\004\077\004\070\004\101\004\060\004\075\004\070\004\065\000\040\004\102\004\065\004\101\004\102\004\076\004\062\004\113\004\105\000\040\004\064\004\060\004\075\004\075\004\113\004\105}{chapter.4}% 36
\BOOKMARK [1][-]{section.4.2}{\376\377\004\044\004\076\004\100\004\074\004\060\004\073\004\114\004\075\004\060\004\117\000\040\004\074\004\076\004\064\004\065\004\073\004\114\000\040\004\070\000\040\004\076\004\077\004\070\004\101\004\060\004\075\004\070\004\065\000\040\004\103\004\101\004\073\004\076\004\062\004\070\004\071\000\040\004\070\004\101\004\101\004\073\004\065\004\064\004\076\004\062\004\060\004\075\004\070\004\117}{chapter.4}% 37
\BOOKMARK [1][-]{section.4.3}{\376\377\004\040\004\065\004\067\004\103\004\073\004\114\004\102\004\060\004\102\004\113\000\040\004\070\004\101\004\101\004\073\004\065\004\064\004\076\004\062\004\060\004\075\004\070\004\071}{chapter.4}% 38
\BOOKMARK [1][-]{section.4.4}{\376\377\004\020\004\075\004\060\004\073\004\070\004\067\000\040\004\077\004\076\004\073\004\103\004\107\004\065\004\075\004\075\004\113\004\105\000\040\004\100\004\065\004\067\004\103\004\073\004\114\004\102\004\060\004\102\004\076\004\062}{chapter.4}% 39
\BOOKMARK [0][-]{section*.48}{\376\377\004\027\004\060\004\072\004\073\004\116\004\107\004\065\004\075\004\070\004\065}{}% 40
\BOOKMARK [0][-]{section*.49}{\376\377\004\041\004\077\004\070\004\101\004\076\004\072\000\040\000\040\004\070\004\101\004\077\004\076\004\073\004\114\004\067\004\076\004\062\004\060\004\075\004\075\004\113\004\105\000\040\000\040\004\070\004\101\004\102\004\076\004\107\004\075\004\070\004\072\004\076\004\062}{}% 41
